<?xml version="1.0" encoding="UTF-8"?>
<!-- Generated by org.testng.reporters.JUnitReportReporter -->
<testsuite skipped="0" hostname="Ravanth" name="Responcevalidation.Staticresponcegetvalidation" tests="1" failures="0" timestamp="21 Apr 2022 06:32:44 GMT" time="2.598" errors="0">
  <testcase name="staticresponceget" time="2.598" classname="Responcevalidation.Staticresponcegetvalidation"/>
</testsuite> <!-- Responcevalidation.Staticresponcegetvalidation -->
