<?xml version="1.0" encoding="UTF-8"?>
<!-- Generated by org.testng.reporters.JUnitReportReporter -->
<testsuite skipped="0" hostname="Ravanth" name="Responcevalidation.ResponseTimevalidation" tests="1" failures="0" timestamp="21 Apr 2022 07:08:26 GMT" time="2.044" errors="0">
  <testcase name="responseTimevalidation" time="2.044" classname="Responcevalidation.ResponseTimevalidation"/>
</testsuite> <!-- Responcevalidation.ResponseTimevalidation -->
