<?xml version="1.0" encoding="UTF-8"?>
<!-- Generated by org.testng.reporters.JUnitReportReporter -->
<testsuite skipped="0" hostname="Ravanth" name="Authentication.Oauth22" tests="1" failures="0" timestamp="22 Apr 2022 04:46:17 GMT" time="2.348" errors="0">
  <testcase name="oauth2" time="2.348" classname="Authentication.Oauth22"/>
</testsuite> <!-- Authentication.Oauth22 -->
