<?xml version="1.0" encoding="UTF-8"?>
<!-- Generated by org.testng.reporters.JUnitReportReporter -->
<testsuite skipped="0" hostname="Ravanth" name="Parameter.QueryParameterTest" tests="1" failures="0" timestamp="21 Apr 2022 08:10:23 GMT" time="3.530" errors="0">
  <testcase name="queryParameterTest" time="3.530" classname="Parameter.QueryParameterTest"/>
</testsuite> <!-- Parameter.QueryParameterTest -->
