<?xml version="1.0" encoding="UTF-8"?>
<!-- Generated by org.testng.reporters.JUnitReportReporter -->
<testsuite skipped="0" hostname="Ravanth" name="Parameter.PathParameterTest" tests="1" failures="0" timestamp="21 Apr 2022 08:04:38 GMT" time="1.870" errors="0">
  <testcase name="pathParameterTest" time="1.870" classname="Parameter.PathParameterTest"/>
</testsuite> <!-- Parameter.PathParameterTest -->
