<?xml version="1.0" encoding="UTF-8"?>
<!-- Generated by org.testng.reporters.JUnitReportReporter -->
<testsuite skipped="0" hostname="Ravanth" name="crudOperationWithoutBDD.GetAllProjectsTest" tests="1" failures="0" timestamp="21 Apr 2022 06:11:23 GMT" time="2.252" errors="0">
  <testcase name="getAllProjectsTest" time="2.252" classname="crudOperationWithoutBDD.GetAllProjectsTest"/>
</testsuite> <!-- crudOperationWithoutBDD.GetAllProjectsTest -->
