<?xml version="1.0" encoding="UTF-8"?>
<!-- Generated by org.testng.reporters.JUnitReportReporter -->
<testsuite skipped="0" hostname="Ravanth" name="differentWaystoPost.CreateProjectUsingJsonFile" tests="1" failures="0" timestamp="20 Apr 2022 11:26:04 GMT" time="1.801" errors="0">
  <testcase name="createProjectUsingJsonFile" time="1.801" classname="differentWaystoPost.CreateProjectUsingJsonFile"/>
</testsuite> <!-- differentWaystoPost.CreateProjectUsingJsonFile -->
