<?xml version="1.0" encoding="UTF-8"?>
<!-- Generated by org.testng.reporters.JUnitReportReporter -->
<testsuite skipped="0" hostname="Ravanth" name="requestChaining.CreateProjectAndGetProjectTest" tests="1" failures="0" timestamp="21 Apr 2022 10:13:51 GMT" time="3.364" errors="0">
  <testcase name="createProjectAndGetProjectTest" time="3.364" classname="requestChaining.CreateProjectAndGetProjectTest"/>
</testsuite> <!-- requestChaining.CreateProjectAndGetProjectTest -->
