<?xml version="1.0" encoding="UTF-8"?>
<!-- Generated by org.testng.reporters.JUnitReportReporter -->
<testsuite skipped="0" hostname="Ravanth" name="differentWaystoPost.CreateProjectUsingJsonObject" tests="1" failures="0" timestamp="20 Apr 2022 11:36:47 GMT" time="1.895" errors="0">
  <testcase name="createProjectUsingJsonFile" time="1.895" classname="differentWaystoPost.CreateProjectUsingJsonObject"/>
</testsuite> <!-- differentWaystoPost.CreateProjectUsingJsonObject -->
