<?xml version="1.0" encoding="UTF-8"?>
<!-- Generated by org.testng.reporters.JUnitReportReporter -->
<testsuite skipped="0" hostname="Ravanth" name="com.rmg.parameter.CreateProjectTest" tests="1" failures="0" timestamp="20 Apr 2022 09:47:12 GMT" time="1.878" errors="0">
  <testcase name="createProjectTest" time="1.878" classname="com.rmg.parameter.CreateProjectTest"/>
</testsuite> <!-- com.rmg.parameter.CreateProjectTest -->
