<?xml version="1.0" encoding="UTF-8"?>
<!-- Generated by org.testng.reporters.JUnitReportReporter -->
<testsuite skipped="0" hostname="Ravanth" name="crudOperationWithoutBDD.UpdateProjectTest" tests="1" failures="0" timestamp="20 Apr 2022 09:38:55 GMT" time="1.735" errors="0">
  <testcase name="updateProjectTest" time="1.735" classname="crudOperationWithoutBDD.UpdateProjectTest"/>
</testsuite> <!-- crudOperationWithoutBDD.UpdateProjectTest -->
