<?xml version="1.0" encoding="UTF-8"?>
<!-- Generated by org.testng.reporters.JUnitReportReporter -->
<testsuite skipped="0" hostname="Ravanth" name="Authentication.Oauth2" tests="1" failures="0" timestamp="21 Apr 2022 12:48:15 GMT" time="4.216" errors="0">
  <testcase name="oauth2" time="4.216" classname="Authentication.Oauth2"/>
</testsuite> <!-- Authentication.Oauth2 -->
