<?xml version="1.0" encoding="UTF-8"?>
<!-- Generated by org.testng.reporters.JUnitReportReporter -->
<testsuite skipped="0" hostname="Ravanth" name="com.rmp.project.SampleProjectTest" tests="1" failures="0" timestamp="19 Apr 2022 11:36:17 GMT" time="1.535" errors="0">
  <testcase name="getallProjects" time="1.535" classname="com.rmp.project.SampleProjectTest"/>
</testsuite> <!-- com.rmp.project.SampleProjectTest -->
