<?xml version="1.0" encoding="UTF-8"?>
<!-- Generated by org.testng.reporters.JUnitReportReporter -->
<testsuite skipped="0" hostname="Ravanth" name="crudOperationWithoutBDD.GetSingleProjectTest" tests="1" failures="0" timestamp="20 Apr 2022 09:27:48 GMT" time="1.499" errors="0">
  <testcase name="getAllProjectsTest" time="1.499" classname="crudOperationWithoutBDD.GetSingleProjectTest"/>
</testsuite> <!-- crudOperationWithoutBDD.GetSingleProjectTest -->
