<?xml version="1.0" encoding="UTF-8"?>
<!-- Generated by org.testng.reporters.JUnitReportReporter -->
<testsuite skipped="0" hostname="Ravanth" name="Authentication.BasicAuth" tests="1" failures="0" timestamp="21 Apr 2022 11:02:23 GMT" time="2.067" errors="0">
  <testcase name="basicauth" time="2.067" classname="Authentication.BasicAuth"/>
</testsuite> <!-- Authentication.BasicAuth -->
