<?xml version="1.0" encoding="UTF-8"?>
<!-- Generated by org.testng.reporters.JUnitReportReporter -->
<testsuite skipped="0" hostname="Ravanth" name="DatadrivenTesting.CreateMultipleProjevtwithDiffdata" tests="3" failures="0" timestamp="21 Apr 2022 07:39:34 GMT" time="1.860" errors="0">
  <testcase name="createproject" time="1.725" classname="DatadrivenTesting.CreateMultipleProjevtwithDiffdata"/>
  <testcase name="createproject" time="0.065" classname="DatadrivenTesting.CreateMultipleProjevtwithDiffdata"/>
  <testcase name="createproject" time="0.070" classname="DatadrivenTesting.CreateMultipleProjevtwithDiffdata"/>
</testsuite> <!-- DatadrivenTesting.CreateMultipleProjevtwithDiffdata -->
