<?xml version="1.0" encoding="UTF-8"?>
<!-- Generated by org.testng.reporters.JUnitReportReporter -->
<testsuite skipped="0" hostname="Ravanth" name="crudOperationWithoutBDD.CreateTest" tests="1" failures="0" timestamp="20 Apr 2022 07:26:06 GMT" time="1.800" errors="0">
  <testcase name="createPtojectTest" time="1.800" classname="crudOperationWithoutBDD.CreateTest"/>
</testsuite> <!-- crudOperationWithoutBDD.CreateTest -->
