<?xml version="1.0" encoding="UTF-8"?>
<!-- Generated by org.testng.reporters.JUnitReportReporter -->
<testsuite skipped="0" hostname="Ravanth" name="differentWaystoPost.CreateProjectUsingJsonJHashmapTest" tests="1" failures="0" timestamp="20 Apr 2022 11:59:49 GMT" time="2.150" errors="0">
  <testcase name="createProjectUsingJsonJHashmapTest" time="2.150" classname="differentWaystoPost.CreateProjectUsingJsonJHashmapTest"/>
</testsuite> <!-- differentWaystoPost.CreateProjectUsingJsonJHashmapTest -->
