<?xml version="1.0" encoding="UTF-8"?>
<!-- Generated by org.testng.reporters.JUnitReportReporter -->
<testsuite skipped="0" hostname="Ravanth" name="Parameter.ParametersTesrForGit" tests="1" failures="0" timestamp="21 Apr 2022 11:40:17 GMT" time="3.310" errors="0">
  <testcase name="parameterstest" time="3.310" classname="Parameter.ParametersTesrForGit"/>
</testsuite> <!-- Parameter.ParametersTesrForGit -->
