<?xml version="1.0" encoding="UTF-8"?>
<!-- Generated by org.testng.reporters.JUnitReportReporter -->
<testsuite skipped="0" hostname="Ravanth" name="requestChaining.CreateProjectAndDeleteProjectTest" tests="1" failures="0" timestamp="21 Apr 2022 10:33:17 GMT" time="3.694" errors="0">
  <testcase name="CreateProjectAndDeleteProjectTest" time="3.694" classname="requestChaining.CreateProjectAndDeleteProjectTest"/>
</testsuite> <!-- requestChaining.CreateProjectAndDeleteProjectTest -->
