<?xml version="1.0" encoding="UTF-8"?>
<!-- Generated by org.testng.reporters.JUnitReportReporter -->
<testsuite skipped="0" hostname="Ravanth" name="Responcevalidation.Staticresponcecreatevalidation" tests="1" failures="0" timestamp="21 Apr 2022 06:22:40 GMT" time="2.303" errors="0">
  <testcase name="staticresponcecreate" time="2.303" classname="Responcevalidation.Staticresponcecreatevalidation"/>
</testsuite> <!-- Responcevalidation.Staticresponcecreatevalidation -->
