<?xml version="1.0" encoding="UTF-8"?>
<!-- Generated by org.testng.reporters.JUnitReportReporter -->
<testsuite skipped="0" hostname="Ravanth" name="Authentication.BearerToken" tests="1" failures="0" timestamp="21 Apr 2022 11:15:29 GMT" time="4.471" errors="0">
  <testcase name="bearerToken" time="4.471" classname="Authentication.BearerToken"/>
</testsuite> <!-- Authentication.BearerToken -->
