<?xml version="1.0" encoding="UTF-8"?>
<!-- Generated by org.testng.reporters.JUnitReportReporter -->
<testsuite skipped="0" hostname="Ravanth" name="crudOperationWithoutBDD.DeleteProjectTest" tests="1" failures="0" timestamp="20 Apr 2022 09:29:04 GMT" time="1.728" errors="0">
  <testcase name="deleteProjectTest" time="1.728" classname="crudOperationWithoutBDD.DeleteProjectTest"/>
</testsuite> <!-- crudOperationWithoutBDD.DeleteProjectTest -->
