<?xml version="1.0" encoding="UTF-8"?>
<!-- Generated by org.testng.reporters.JUnitReportReporter -->
<testsuite skipped="0" hostname="Ravanth" name="Responcevalidation.DynamicResponseGetTest" tests="1" failures="0" timestamp="21 Apr 2022 06:46:04 GMT" time="2.493" errors="0">
  <testcase name="dynamicresponce" time="2.493" classname="Responcevalidation.DynamicResponseGetTest"/>
</testsuite> <!-- Responcevalidation.DynamicResponseGetTest -->
